Watching for file changes with StatReloader
[22/Feb/2021 10:21:43] "GET / HTTP/1.0" 200 1645
[22/Feb/2021 10:21:44] "GET /static/css/index.css HTTP/1.0" 200 1358
[22/Feb/2021 10:21:44] "GET /static/js/index.js HTTP/1.0" 200 4560
Not Found: /favicon.ico
[22/Feb/2021 10:21:44] "GET /favicon.ico HTTP/1.0" 404 2491
[22/Feb/2021 10:32:00] "GET / HTTP/1.0" 200 1645
[22/Feb/2021 10:32:01] "GET /static/js/index.js HTTP/1.0" 304 0
[22/Feb/2021 10:32:01] "GET /static/css/index.css HTTP/1.0" 304 0
[22/Feb/2021 10:32:08] "POST /imageTransfer HTTP/1.0" 200 76
[22/Feb/2021 10:32:08] "GET /media/img/Telegram.png HTTP/1.0" 200 25057
[22/Feb/2021 10:58:35] "GET / HTTP/1.0" 200 1645
[22/Feb/2021 10:58:35] "GET /static/css/index.css HTTP/1.0" 200 1358
[22/Feb/2021 10:58:36] "GET /static/js/index.js HTTP/1.0" 200 4560
Not Found: /favicon.ico
[22/Feb/2021 10:58:37] "GET /favicon.ico HTTP/1.0" 404 2491
[22/Feb/2021 10:58:44] "POST /imageTransfer HTTP/1.0" 200 76
[22/Feb/2021 10:58:44] "GET /media/img/Telegram.png HTTP/1.0" 200 25057
[22/Feb/2021 11:04:07] "GET / HTTP/1.0" 200 1645
[22/Feb/2021 11:04:07] "GET /static/js/index.js HTTP/1.0" 304 0
Not Found: /favicon.ico
[22/Feb/2021 11:04:08] "GET /favicon.ico HTTP/1.0" 404 2491
[22/Feb/2021 11:04:20] "POST /imageTransfer HTTP/1.0" 200 130
[22/Feb/2021 11:04:21] "GET /media/img/Screenshot_from_2021-02-13_21-01-14.png HTTP/1.0" 200 542112
[22/Feb/2021 11:04:35] "POST /imageTransfer HTTP/1.0" 200 132
[22/Feb/2021 11:04:35] "GET /media/img/2fa24f36-cc26-41b6-4b49-12bba2a6c1c8.jpg HTTP/1.0" 200 1544342
[22/Feb/2021 11:04:41] "GET /media/img/2fa24f36-cc26-41b6-4b49-12bba2a6c1c8.jpg HTTP/1.0" 304 0
[22/Feb/2021 11:05:03] "POST /imageTransfer HTTP/1.0" 200 310
[22/Feb/2021 11:05:04] "GET /media/img/FireShot_Capture_005_-_%E9%83%91%E7%9B%BC%E7%9B%BC_-_[Springer_texts_in_statistics_[103]]_Hastie,_Trevor_James,_Gare__-_web.kamihq.com.png HTTP/1.0" 200 21384
[22/Feb/2021 11:05:21] "POST /imageTransfer HTTP/1.0" 200 134
[22/Feb/2021 11:05:21] "GET /media/img/2fa24f36-cc26-41b6-4b49-12bba2a6c1c28.jpg HTTP/1.0" 200 1353108
[22/Feb/2021 11:05:26] "GET /media/img/2fa24f36-cc26-41b6-4b49-12bba2a6c1c28.jpg HTTP/1.0" 304 0
[22/Feb/2021 11:05:53] "POST /imageTransfer HTTP/1.0" 200 134
[22/Feb/2021 11:06:04] "POST /imageTransfer HTTP/1.0" 200 144
[22/Feb/2021 11:06:04] "GET /media/img/%E5%90%89%E5%8E%9F%E6%A0%BC%E5%AD%90%E5%85%88%E4%B9%8B%E5%9B%B3.jpg HTTP/1.0" 200 1755018
[22/Feb/2021 11:06:31] "POST /imageTransfer HTTP/1.0" 200 132
[22/Feb/2021 11:06:31] "GET /media/img/2fa24f36-cc26-41b6-4b49-12bba2a6c1c8.jpg HTTP/1.0" 200 1544342
